I, [2021-11-25T20:41:34.305345 #17884]  INFO -- : Registered expected interaction POST /api/transfers
D, [2021-11-25T20:41:34.306361 #17884] DEBUG -- : {
  "description": "a request to POST a transferRequest",
  "providerState": "Two Accounts with sufficient balance exist",
  "request": {
    "method": "POST",
    "path": "/api/transfers",
    "headers": {
      "Content-Type": "application/json"
    },
    "body": {
      "accountFrom": "A100",
      "accountTo": "A200",
      "amount": 20
    }
  },
  "response": {
    "status": 200,
    "headers": {
      "Content-Type": "application/json"
    },
    "body": {
      "json_class": "Pact::SomethingLike",
      "contents": {
        "id": 111
      }
    }
  },
  "metadata": null
}
I, [2021-11-25T20:41:34.325342 #17884]  INFO -- : Registered expected interaction GET /api/accounts
D, [2021-11-25T20:41:34.326341 #17884] DEBUG -- : {
  "description": "a request for all accounts",
  "providerState": "Two accounts exist",
  "request": {
    "method": "GET",
    "path": "/api/accounts"
  },
  "response": {
    "status": 200,
    "headers": {
    },
    "body": {
      "json_class": "Pact::SomethingLike",
      "contents": [
        {
          "code": "A100",
          "holderName": "Bill Gates",
          "name": "My cash in hand",
          "balance": 100000000
        },
        {
          "code": "A200",
          "holderName": "Poor People",
          "name": "Living expenses",
          "balance": 0
        }
      ]
    }
  },
  "metadata": null
}
I, [2021-11-25T20:41:34.713228 #17884]  INFO -- : Received request POST /api/transfers
D, [2021-11-25T20:41:34.713228 #17884] DEBUG -- : {
  "path": "/api/transfers",
  "query": "",
  "method": "post",
  "body": {
    "accountFrom": "A100",
    "accountTo": "A200",
    "amount": 20
  },
  "headers": {
    "Content-Length": "53",
    "Content-Type": "application/json",
    "Accept": "application/json, text/plain, */*",
    "Referer": "http://127.0.0.1:1234/",
    "User-Agent": "Mozilla/5.0 (win32) AppleWebKit/537.36 (KHTML, like Gecko) jsdom/16.7.0",
    "Accept-Language": "en",
    "Accept-Encoding": "gzip, deflate",
    "Host": "127.0.0.1:1234",
    "Connection": "keep-alive",
    "Version": "HTTP/1.1"
  }
}
I, [2021-11-25T20:41:34.714227 #17884]  INFO -- : Found matching response for POST /api/transfers
D, [2021-11-25T20:41:34.714227 #17884] DEBUG -- : {
  "status": 200,
  "headers": {
    "Content-Type": "application/json"
  },
  "body": {
    "json_class": "Pact::SomethingLike",
    "contents": {
      "id": 111
    }
  }
}
W, [2021-11-25T20:41:34.761225 #17884]  WARN -- : Verifying - actual interactions do not match expected interactions. 
Missing requests:
	GET /api/accounts



W, [2021-11-25T20:41:34.761225 #17884]  WARN -- : Missing requests:
	GET /api/accounts



I, [2021-11-25T20:41:34.805221 #17884]  INFO -- : Cleared interactions
I, [2021-11-25T20:41:34.827249 #17884]  INFO -- : Writing pact for transferservice to F:/work1400/microservice-test/pacts/bank-ui-client2-transferservice.json
