I, [2021-11-14T07:57:28.046006 #29840]  INFO -- : Registered expected interaction GET /api/accounts
D, [2021-11-14T07:57:28.047006 #29840] DEBUG -- : {
  "description": "a request for all the accounts",
  "providerState": "Two accounts exists",
  "request": {
    "method": "GET",
    "path": "/api/accounts"
  },
  "response": {
    "status": 200,
    "headers": {
    },
    "body": {
      "json_class": "Pact::SomethingLike",
      "contents": [
        {
          "code": "A100",
          "holderName": "Bill Gates",
          "name": "My cash in hand",
          "balance": 100000000
        },
        {
          "code": "A200",
          "holderName": "Bill Gates",
          "name": "My saving account",
          "balance": 200000000
        }
      ]
    }
  },
  "metadata": null
}
I, [2021-11-14T07:57:28.164641 #29840]  INFO -- : Received request GET /api/accounts
D, [2021-11-14T07:57:28.164641 #29840] DEBUG -- : {
  "path": "/api/accounts",
  "query": "",
  "method": "get",
  "headers": {
    "Accept": "application/json, text/plain, */*",
    "Referer": "http://localhost:1234/",
    "User-Agent": "Mozilla/5.0 (win32) AppleWebKit/537.36 (KHTML, like Gecko) jsdom/16.7.0",
    "Accept-Language": "en",
    "Accept-Encoding": "gzip, deflate",
    "Host": "localhost:1234",
    "Connection": "keep-alive",
    "Version": "HTTP/1.1"
  }
}
I, [2021-11-14T07:57:28.165642 #29840]  INFO -- : Found matching response for GET /api/accounts
D, [2021-11-14T07:57:28.165642 #29840] DEBUG -- : {
  "status": 200,
  "headers": {
  },
  "body": {
    "json_class": "Pact::SomethingLike",
    "contents": [
      {
        "code": "A100",
        "holderName": "Bill Gates",
        "name": "My cash in hand",
        "balance": 100000000
      },
      {
        "code": "A200",
        "holderName": "Bill Gates",
        "name": "My saving account",
        "balance": 200000000
      }
    ]
  }
}
I, [2021-11-14T07:57:28.197722 #29840]  INFO -- : Verifying - interactions matched
I, [2021-11-14T07:57:28.208726 #29840]  INFO -- : Cleared interactions
I, [2021-11-14T07:57:28.231713 #29840]  INFO -- : Writing pact for accountservice to F:/work1400/microservice-test/pacts/product1-ui-client-accountservice.json
