I, [2021-11-11T00:10:59.228608 #15588]  INFO -- : Registered expected interaction GET /api/accounts/A100
D, [2021-11-11T00:10:59.229611 #15588] DEBUG -- : {
  "description": "a request to GET a account",
  "providerState": "account A100 exists",
  "request": {
    "method": "GET",
    "path": "/api/accounts/A100"
  },
  "response": {
    "status": 200,
    "headers": {
    },
    "body": {
      "json_class": "Pact::SomethingLike",
      "contents": {
        "holderName": "Bill Gates",
        "name": "My cash in hand",
        "balance": 0
      }
    }
  },
  "metadata": null
}
I, [2021-11-11T00:10:59.288583 #15588]  INFO -- : Received request GET /api/accounts/A100
D, [2021-11-11T00:10:59.288583 #15588] DEBUG -- : {
  "path": "/api/accounts/A100",
  "query": "",
  "method": "get",
  "headers": {
    "Accept": "application/json, text/plain, */*",
    "Referer": "http://localhost:1234/",
    "User-Agent": "Mozilla/5.0 (win32) AppleWebKit/537.36 (KHTML, like Gecko) jsdom/16.7.0",
    "Accept-Language": "en",
    "Accept-Encoding": "gzip, deflate",
    "Host": "localhost:1234",
    "Connection": "keep-alive",
    "Version": "HTTP/1.1"
  }
}
I, [2021-11-11T00:10:59.289599 #15588]  INFO -- : Found matching response for GET /api/accounts/A100
D, [2021-11-11T00:10:59.289599 #15588] DEBUG -- : {
  "status": 200,
  "headers": {
  },
  "body": {
    "json_class": "Pact::SomethingLike",
    "contents": {
      "holderName": "Bill Gates",
      "name": "My cash in hand",
      "balance": 0
    }
  }
}
I, [2021-11-11T00:10:59.311716 #15588]  INFO -- : Verifying - interactions matched
I, [2021-11-11T00:10:59.333708 #15588]  INFO -- : Cleared interactions
I, [2021-11-11T00:10:59.357907 #15588]  INFO -- : Registered expected interaction POST /api/accounts
D, [2021-11-11T00:10:59.358909 #15588] DEBUG -- : {
  "description": "a request to POST a account",
  "providerState": "provider opens a new account",
  "request": {
    "method": "POST",
    "path": "/api/accounts",
    "headers": {
      "Content-Type": "application/json"
    },
    "body": {
      "holderName": "Bill Gates",
      "name": "My cash in hand",
      "balance": 0
    }
  },
  "response": {
    "status": 201,
    "headers": {
      "Content-Type": "application/json"
    },
    "body": {
      "json_class": "Pact::SomethingLike",
      "contents": {
        "id": "A100"
      }
    }
  },
  "metadata": null
}
I, [2021-11-11T00:10:59.408988 #15588]  INFO -- : Received request POST /api/accounts
D, [2021-11-11T00:10:59.409989 #15588] DEBUG -- : {
  "path": "/api/accounts",
  "query": "",
  "method": "post",
  "body": {
    "holderName": "Bill Gates",
    "name": "My cash in hand",
    "balance": 0
  },
  "headers": {
    "Content-Length": "64",
    "Content-Type": "application/json",
    "Accept": "application/json, text/plain, */*",
    "Referer": "http://localhost:1234/",
    "User-Agent": "Mozilla/5.0 (win32) AppleWebKit/537.36 (KHTML, like Gecko) jsdom/16.7.0",
    "Accept-Language": "en",
    "Accept-Encoding": "gzip, deflate",
    "Host": "localhost:1234",
    "Connection": "keep-alive",
    "Version": "HTTP/1.1"
  }
}
I, [2021-11-11T00:10:59.409989 #15588]  INFO -- : Found matching response for POST /api/accounts
D, [2021-11-11T00:10:59.410984 #15588] DEBUG -- : {
  "status": 201,
  "headers": {
    "Content-Type": "application/json"
  },
  "body": {
    "json_class": "Pact::SomethingLike",
    "contents": {
      "id": "A100"
    }
  }
}
I, [2021-11-11T00:10:59.429421 #15588]  INFO -- : Verifying - interactions matched
I, [2021-11-11T00:10:59.439718 #15588]  INFO -- : Cleared interactions
I, [2021-11-11T00:10:59.461705 #15588]  INFO -- : Registered expected interaction PUT /api/accounts/A100
D, [2021-11-11T00:10:59.461705 #15588] DEBUG -- : {
  "description": "a request to PUT a account",
  "providerState": "account A100 exists",
  "request": {
    "method": "PUT",
    "path": "/api/accounts/A100",
    "headers": {
      "Content-Type": "application/json"
    },
    "body": {
      "json_class": "Pact::SomethingLike",
      "contents": {
        "holderName": "Bill Gates",
        "name": "My cash in hand",
        "balance": 0
      }
    }
  },
  "response": {
    "status": 200,
    "headers": {
    },
    "body": {
      "json_class": "Pact::SomethingLike",
      "contents": {
        "holderName": "Bill Gates",
        "name": "My cash in hand",
        "balance": 0
      }
    }
  },
  "metadata": null
}
I, [2021-11-11T00:10:59.483690 #15588]  INFO -- : Received request PUT /api/accounts/A100
D, [2021-11-11T00:10:59.483690 #15588] DEBUG -- : {
  "path": "/api/accounts/A100",
  "query": "",
  "method": "put",
  "body": {
    "holderName": "Bill Gates",
    "name": "My cash in hand",
    "balance": 0
  },
  "headers": {
    "Content-Length": "64",
    "Content-Type": "application/json",
    "Accept": "application/json, text/plain, */*",
    "Referer": "http://localhost:1234/",
    "User-Agent": "Mozilla/5.0 (win32) AppleWebKit/537.36 (KHTML, like Gecko) jsdom/16.7.0",
    "Accept-Language": "en",
    "Accept-Encoding": "gzip, deflate",
    "Host": "localhost:1234",
    "Connection": "keep-alive",
    "Version": "HTTP/1.1"
  }
}
I, [2021-11-11T00:10:59.484416 #15588]  INFO -- : Found matching response for PUT /api/accounts/A100
D, [2021-11-11T00:10:59.484743 #15588] DEBUG -- : {
  "status": 200,
  "headers": {
  },
  "body": {
    "json_class": "Pact::SomethingLike",
    "contents": {
      "holderName": "Bill Gates",
      "name": "My cash in hand",
      "balance": 0
    }
  }
}
I, [2021-11-11T00:10:59.494955 #15588]  INFO -- : Verifying - interactions matched
I, [2021-11-11T00:10:59.504950 #15588]  INFO -- : Cleared interactions
I, [2021-11-11T00:10:59.515927 #15588]  INFO -- : Writing pact for accountservice to F:/work1400/microservice-test/pacts/accountService/product1-ui-accountservice.json
