I, [2021-11-12T13:11:37.477589 #144]  INFO -- : Registered expected interaction POST /api/transfers
D, [2021-11-12T13:11:37.478644 #144] DEBUG -- : {
  "description": "a request to POST a transferRequest",
  "providerState": "Two Account with sufficient balance exists",
  "request": {
    "method": "POST",
    "path": "/api/transfers",
    "headers": {
      "Content-Type": "application/json"
    },
    "body": {
      "accountFrom": "A100",
      "accountTo": "A200",
      "amount": 20
    }
  },
  "response": {
    "status": 200,
    "headers": {
      "Content-Type": "application/json"
    },
    "body": {
      "json_class": "Pact::SomethingLike",
      "contents": {
        "id": 111
      }
    }
  },
  "metadata": null
}
I, [2021-11-12T13:11:37.521288 #144]  INFO -- : Received request POST /api/transfers
D, [2021-11-12T13:11:37.522281 #144] DEBUG -- : {
  "path": "/api/transfers",
  "query": "",
  "method": "post",
  "body": {
    "accountFrom": "A100",
    "accountTo": "A200",
    "amount": 20
  },
  "headers": {
    "Content-Length": "53",
    "Content-Type": "application/json",
    "Accept": "application/json, text/plain, */*",
    "Referer": "http://localhost:1234/",
    "User-Agent": "Mozilla/5.0 (win32) AppleWebKit/537.36 (KHTML, like Gecko) jsdom/16.7.0",
    "Accept-Language": "en",
    "Accept-Encoding": "gzip, deflate",
    "Host": "localhost:1234",
    "Connection": "keep-alive",
    "Version": "HTTP/1.1"
  }
}
I, [2021-11-12T13:11:37.522281 #144]  INFO -- : Found matching response for POST /api/transfers
D, [2021-11-12T13:11:37.522281 #144] DEBUG -- : {
  "status": 200,
  "headers": {
    "Content-Type": "application/json"
  },
  "body": {
    "json_class": "Pact::SomethingLike",
    "contents": {
      "id": 111
    }
  }
}
I, [2021-11-12T13:11:37.538258 #144]  INFO -- : Verifying - interactions matched
I, [2021-11-12T13:11:37.558249 #144]  INFO -- : Cleared interactions
I, [2021-11-12T13:11:37.601192 #144]  INFO -- : Writing pact for transferservice to F:/work1400/microservice-test/pacts/product1-ui-client-transferservice.json
